[36m[2012-09-21 13:32:51] [0m[37mConvert script launched[0m
[36m[2012-09-21 13:32:51] [0m[37mLaunching youtube processing thread..[0m
[36m[2012-09-21 13:32:51] [0m[37mLaunching 1 video processing threads..[0m
[36m[2012-09-21 13:32:51] [0m[37mScanning /home/typothree/podcasts for movie files...[0m
[36m[2012-09-21 13:32:51] [0m[37mMain thread exited, terminating videoConvert...[0m
[36m[2012-09-21 13:32:52] [0m[37mMain thread exited, terminating youtubeUpload...[0m
[36m[2012-09-21 13:32:54] [0m[37mConvert script launched[0m
[36m[2012-09-21 13:32:54] [0m[37mLaunching youtube processing thread..[0m
[36m[2012-09-21 13:32:54] [0m[37mLaunching 1 video processing threads..[0m
[36m[2012-09-21 13:32:54] [0m[37mScanning /home/typothree/podcasts for movie files...[0m
[36m[2012-09-21 13:32:54] [0m[37mMain thread exited, terminating videoConvert...[0m
[36m[2012-09-21 13:32:54] [0m[37mMain thread exited, terminating youtubeUpload...[0m
[36m[2012-09-21 13:32:55] [0m[37mConvert script launched[0m
[36m[2012-09-21 13:32:55] [0m[37mLaunching youtube processing thread..[0m
[36m[2012-09-21 13:32:55] [0m[37mLaunching 1 video processing threads..[0m
[36m[2012-09-21 13:32:55] [0m[37mScanning /home/typothree/podcasts for movie files...[0m
[36m[2012-09-21 13:32:56] [0m[37mMain thread exited, terminating videoConvert...[0m
[36m[2012-09-21 13:32:56] [0m[37mMain thread exited, terminating youtubeUpload...[0m
[36m[2012-09-21 13:32:57] [0m[37mConvert script launched[0m
[36m[2012-09-21 13:32:57] [0m[37mLaunching youtube processing thread..[0m
[36m[2012-09-21 13:32:57] [0m[37mLaunching 1 video processing threads..[0m
[36m[2012-09-21 13:32:57] [0m[37mScanning /home/typothree/podcasts for movie files...[0m
[36m[2012-09-21 13:32:57] [0m[37mMain thread exited, terminating videoConvert...[0m
[36m[2012-09-21 13:32:57] [0m[37mMain thread exited, terminating youtubeUpload...[0m
[36m[2012-09-21 13:32:59] [0m[37mConvert script launched[0m
[36m[2012-09-21 13:32:59] [0m[37mLaunching youtube processing thread..[0m
[36m[2012-09-21 13:32:59] [0m[37mLaunching 1 video processing threads..[0m
[36m[2012-09-21 13:32:59] [0m[37mScanning /home/typothree/podcasts for movie files...[0m
[36m[2012-09-21 13:32:59] [0m[37mMain thread exited, terminating videoConvert...[0m
[36m[2012-09-21 13:32:59] [0m[37mMain thread exited, terminating youtubeUpload...[0m
[36m[2012-09-21 13:33:01] [0m[37mConvert script launched[0m
[36m[2012-09-21 13:33:01] [0m[37mLaunching youtube processing thread..[0m
[36m[2012-09-21 13:33:01] [0m[37mLaunching 1 video processing threads..[0m
[36m[2012-09-21 13:33:01] [0m[37mScanning /home/typothree/podcasts for movie files...[0m
[36m[2012-09-21 13:33:01] [0m[37mMain thread exited, terminating videoConvert...[0m
[36m[2012-09-21 13:33:01] [0m[37mMain thread exited, terminating youtubeUpload...[0m
